<?xml version="1.0" encoding="UTF-8" standalone="no"?>
<testsuite failures="0" name="cucumber.runtime.formatter.JUnitFormatter" skipped="0" tests="3" time="0.151123">
<testcase classname="Hooks in cucumber" name="Add new customer" time="0.149729">
<system-out><![CDATA[Given user is on add customer page..........................................passed
When user fills customer details............................................passed
Then customer is added......................................................passed
]]></system-out>
</testcase>
<testcase classname="Hooks in cucumber" name="Edit customer" time="0.000772">
<system-out><![CDATA[Given user is on edit customer page.........................................passed
When user edits contact details.............................................passed
Then customer details updated...............................................passed
]]></system-out>
</testcase>
<testcase classname="Hooks in cucumber" name="Delete customer" time="0.000622">
<system-out><![CDATA[Given user is on delete customer page.......................................passed
When user delets the customer...............................................passed
Then customer is deleted....................................................passed
]]></system-out>
</testcase>
</testsuite>
